==============================================================================
20170212 09:10:57.516 - INFO - + START SUITE: Acceptancetest [ ]
==============================================================================
20170212 09:10:58.157 - INFO - +- START SUITE: Acceptancetest.CustomWidgetTests [ ]
==============================================================================
20170212 09:10:58.173 - INFO - +-- START TEST: Hexagon Is Selected Initially [ ]
------------------------------------------------------------------------------
20170212 09:10:58.173 - INFO - +--- START KW: SwingLibrary.Start Application [ edu.jsu.mcis.Main ]
20170212 09:10:58.204 - INFO - +--- END KW: SwingLibrary.Start Application (31)
~~~~~~~~~~~~~~~~~~~~~~~~~~~~~~~~~~~~~~~~~~~~~~~~~~~~~~~~~~~~~~~~~~~~~~~~~~~~~~
20170212 09:10:58.204 - INFO - +--- START KW: SwingLibrary.Select Window [ Main ]
20170212 09:10:58.266 - DEBUG - Jemmy: Start to wait frame "Frame with name or title 'Main'" opened
20170212 09:10:58.266 - DEBUG - Jemmy: Frame "Frame with name or title 'Main'" has been opened in 0 milliseconds
    javax.swing.JFrame[frame20,0,0,500x500,layout=java.awt.BorderLayout,title=Main,resizable,normal,defaultCloseOperation=EXIT_ON_CLOSE,rootPane=javax.swing.JRootPane[,8,31,484x461,layout=javax.swing.JRootPane$RootLayout,alignmentX=0.0,alignmentY=0.0,border=,flags=16777673,maximumSize=,minimumSize=,preferredSize=],rootPaneCheckingEnabled=true]
20170212 09:10:58.266 - INFO - +--- END KW: SwingLibrary.Select Window (62)
~~~~~~~~~~~~~~~~~~~~~~~~~~~~~~~~~~~~~~~~~~~~~~~~~~~~~~~~~~~~~~~~~~~~~~~~~~~~~~
20170212 09:10:58.266 - INFO - +--- START KW: SwingLibrary.Label Text Should Be [ label | Hexagon ]
20170212 09:10:58.298 - DEBUG - Jemmy: Waiting for "label" subcomponent
20170212 09:10:58.298 - DEBUG - Jemmy: Start to wait action "Wait for "label" subcomponent to be displayed"
20170212 09:10:58.298 - DEBUG - Jemmy: "Wait for "label" subcomponent to be displayed" action has been produced in 0 milliseconds with result 
    : javax.swing.JLabel[label,0,0,484x16,alignmentX=0.0,alignmentY=0.0,border=,flags=8388608,maximumSize=,minimumSize=,preferredSize=,defaultIcon=,disabledIcon=,horizontalAlignment=CENTER,horizontalTextPosition=TRAILING,iconTextGap=4,labelFor=,text=Hexagon,verticalAlignment=CENTER,verticalTextPosition=CENTER]
20170212 09:10:58.313 - INFO - +--- END KW: SwingLibrary.Label Text Should Be (47)
~~~~~~~~~~~~~~~~~~~~~~~~~~~~~~~~~~~~~~~~~~~~~~~~~~~~~~~~~~~~~~~~~~~~~~~~~~~~~~
20170212 09:10:58.313 - INFO - +--- START KW: SwingLibrary.Close Window [ Main ]
20170212 09:10:58.313 - DEBUG - Jemmy: Start to wait frame "Frame with name or title 'Main'" opened
20170212 09:10:58.313 - DEBUG - Jemmy: Frame "Frame with name or title 'Main'" has been opened in 0 milliseconds
    javax.swing.JFrame[frame20,0,0,500x500,layout=java.awt.BorderLayout,title=Main,resizable,normal,defaultCloseOperation=EXIT_ON_CLOSE,rootPane=javax.swing.JRootPane[,8,31,484x461,layout=javax.swing.JRootPane$RootLayout,alignmentX=0.0,alignmentY=0.0,border=,flags=16777673,maximumSize=,minimumSize=,preferredSize=],rootPaneCheckingEnabled=true]
20170212 09:10:58.516 - INFO - +--- END KW: SwingLibrary.Close Window (203)
------------------------------------------------------------------------------
20170212 09:10:58.516 - INFO - +-- END TEST: Hexagon Is Selected Initially (343)
------------------------------------------------------------------------------
20170212 09:10:58.516 - INFO - +-- START TEST: Octagon Is Selected After Center Click [ ]
------------------------------------------------------------------------------
20170212 09:10:58.532 - INFO - +--- START KW: SwingLibrary.Start Application [ edu.jsu.mcis.Main ]
20170212 09:10:58.548 - INFO - +--- END KW: SwingLibrary.Start Application (16)
~~~~~~~~~~~~~~~~~~~~~~~~~~~~~~~~~~~~~~~~~~~~~~~~~~~~~~~~~~~~~~~~~~~~~~~~~~~~~~
20170212 09:10:58.548 - INFO - +--- START KW: SwingLibrary.Select Window [ Main ]
20170212 09:10:58.548 - DEBUG - Jemmy: Start to wait frame "Frame with name or title 'Main'" opened
20170212 09:10:58.563 - DEBUG - Jemmy: Frame "Frame with name or title 'Main'" has been opened in 0 milliseconds
    javax.swing.JFrame[frame21,0,0,500x500,layout=java.awt.BorderLayout,title=Main,resizable,normal,defaultCloseOperation=EXIT_ON_CLOSE,rootPane=javax.swing.JRootPane[,8,31,484x461,layout=javax.swing.JRootPane$RootLayout,alignmentX=0.0,alignmentY=0.0,border=,flags=16777673,maximumSize=,minimumSize=,preferredSize=],rootPaneCheckingEnabled=true]
20170212 09:10:58.579 - INFO - +--- END KW: SwingLibrary.Select Window (15)
~~~~~~~~~~~~~~~~~~~~~~~~~~~~~~~~~~~~~~~~~~~~~~~~~~~~~~~~~~~~~~~~~~~~~~~~~~~~~~
20170212 09:10:58.579 - INFO - +--- START KW: keywords.CustomWidgetKeywords.Click Octagon [ ]
20170212 09:10:58.579 - DEBUG - Jemmy: Waiting for "Any CustomWidget" subcomponent
20170212 09:10:58.579 - DEBUG - Jemmy: Start to wait action "Wait for "Any CustomWidget" subcomponent to be displayed"
20170212 09:10:58.579 - DEBUG - Jemmy: "Wait for "Any CustomWidget" subcomponent to be displayed" action has been produced in 0 milliseconds with result 
    : edu.jsu.mcis.CustomWidget[,0,16,484x445,layout=java.awt.FlowLayout,alignmentX=0.0,alignmentY=0.0,border=javax.swing.border.LineBorder@56a92968,flags=9,maximumSize=,minimumSize=,preferredSize=]
20170212 09:10:58.626 - INFO - +--- END KW: keywords.CustomWidgetKeywords.Click Octagon (47)
~~~~~~~~~~~~~~~~~~~~~~~~~~~~~~~~~~~~~~~~~~~~~~~~~~~~~~~~~~~~~~~~~~~~~~~~~~~~~~
20170212 09:10:58.626 - INFO - +--- START KW: SwingLibrary.Label Text Should Be [ label | Octagon ]
20170212 09:10:58.626 - DEBUG - Jemmy: Waiting for "label" subcomponent
20170212 09:10:58.626 - DEBUG - Jemmy: Start to wait action "Wait for "label" subcomponent to be displayed"
20170212 09:10:58.626 - DEBUG - Jemmy: "Wait for "label" subcomponent to be displayed" action has been produced in 0 milliseconds with result 
    : javax.swing.JLabel[label,0,0,484x16,alignmentX=0.0,alignmentY=0.0,border=,flags=8388608,maximumSize=,minimumSize=,preferredSize=,defaultIcon=,disabledIcon=,horizontalAlignment=CENTER,horizontalTextPosition=TRAILING,iconTextGap=4,labelFor=,text=Octagon,verticalAlignment=CENTER,verticalTextPosition=CENTER]
20170212 09:10:58.641 - INFO - +--- END KW: SwingLibrary.Label Text Should Be (15)
~~~~~~~~~~~~~~~~~~~~~~~~~~~~~~~~~~~~~~~~~~~~~~~~~~~~~~~~~~~~~~~~~~~~~~~~~~~~~~
20170212 09:10:58.641 - INFO - +--- START KW: SwingLibrary.Close Window [ Main ]
20170212 09:10:58.641 - DEBUG - Jemmy: Start to wait frame "Frame with name or title 'Main'" opened
20170212 09:10:58.641 - DEBUG - Jemmy: Frame "Frame with name or title 'Main'" has been opened in 0 milliseconds
    javax.swing.JFrame[frame21,0,0,500x500,invalid,layout=java.awt.BorderLayout,title=Main,resizable,normal,defaultCloseOperation=EXIT_ON_CLOSE,rootPane=javax.swing.JRootPane[,8,31,484x461,layout=javax.swing.JRootPane$RootLayout,alignmentX=0.0,alignmentY=0.0,border=,flags=16777673,maximumSize=,minimumSize=,preferredSize=],rootPaneCheckingEnabled=true]
20170212 09:10:58.813 - INFO - +--- END KW: SwingLibrary.Close Window (172)
------------------------------------------------------------------------------
20170212 09:10:58.813 - INFO - +-- END TEST: Octagon Is Selected After Center Click (297)
------------------------------------------------------------------------------
20170212 09:10:58.813 - INFO - +-- START TEST: Widget Is Unchanged After Edge Click [ ]
------------------------------------------------------------------------------
20170212 09:10:58.813 - INFO - +--- START KW: SwingLibrary.Start Application [ edu.jsu.mcis.Main ]
20170212 09:10:58.829 - INFO - +--- END KW: SwingLibrary.Start Application (16)
~~~~~~~~~~~~~~~~~~~~~~~~~~~~~~~~~~~~~~~~~~~~~~~~~~~~~~~~~~~~~~~~~~~~~~~~~~~~~~
20170212 09:10:58.845 - INFO - +--- START KW: SwingLibrary.Select Window [ Main ]
20170212 09:10:58.845 - DEBUG - Jemmy: Start to wait frame "Frame with name or title 'Main'" opened
20170212 09:10:58.845 - DEBUG - Jemmy: Frame "Frame with name or title 'Main'" has been opened in 0 milliseconds
    javax.swing.JFrame[frame22,0,0,500x500,layout=java.awt.BorderLayout,title=Main,resizable,normal,defaultCloseOperation=EXIT_ON_CLOSE,rootPane=javax.swing.JRootPane[,8,31,484x461,layout=javax.swing.JRootPane$RootLayout,alignmentX=0.0,alignmentY=0.0,border=,flags=16777673,maximumSize=,minimumSize=,preferredSize=],rootPaneCheckingEnabled=true]
20170212 09:10:58.845 - INFO - +--- END KW: SwingLibrary.Select Window (0)
~~~~~~~~~~~~~~~~~~~~~~~~~~~~~~~~~~~~~~~~~~~~~~~~~~~~~~~~~~~~~~~~~~~~~~~~~~~~~~
20170212 09:10:58.845 - INFO - +--- START KW: keywords.CustomWidgetKeywords.Click Custom Widget Outside [ ]
20170212 09:10:58.860 - DEBUG - Jemmy: Waiting for "Any CustomWidget" subcomponent
20170212 09:10:58.860 - DEBUG - Jemmy: Start to wait action "Wait for "Any CustomWidget" subcomponent to be displayed"
20170212 09:10:58.860 - DEBUG - Jemmy: "Wait for "Any CustomWidget" subcomponent to be displayed" action has been produced in 0 milliseconds with result 
    : edu.jsu.mcis.CustomWidget[,0,16,484x445,layout=java.awt.FlowLayout,alignmentX=0.0,alignmentY=0.0,border=javax.swing.border.LineBorder@6431c6f2,flags=9,maximumSize=,minimumSize=,preferredSize=]
20170212 09:10:58.876 - INFO - +--- END KW: keywords.CustomWidgetKeywords.Click Custom Widget Outside (31)
~~~~~~~~~~~~~~~~~~~~~~~~~~~~~~~~~~~~~~~~~~~~~~~~~~~~~~~~~~~~~~~~~~~~~~~~~~~~~~
20170212 09:10:58.876 - INFO - +--- START KW: SwingLibrary.Label Text Should Be [ label | Hexagon ]
20170212 09:10:58.876 - DEBUG - Jemmy: Waiting for "label" subcomponent
20170212 09:10:58.876 - DEBUG - Jemmy: Start to wait action "Wait for "label" subcomponent to be displayed"
20170212 09:10:58.891 - DEBUG - Jemmy: "Wait for "label" subcomponent to be displayed" action has been produced in 15 milliseconds with result 
    : javax.swing.JLabel[label,0,0,484x16,alignmentX=0.0,alignmentY=0.0,border=,flags=8388608,maximumSize=,minimumSize=,preferredSize=,defaultIcon=,disabledIcon=,horizontalAlignment=CENTER,horizontalTextPosition=TRAILING,iconTextGap=4,labelFor=,text=Hexagon,verticalAlignment=CENTER,verticalTextPosition=CENTER]
20170212 09:10:58.891 - INFO - +--- END KW: SwingLibrary.Label Text Should Be (15)
~~~~~~~~~~~~~~~~~~~~~~~~~~~~~~~~~~~~~~~~~~~~~~~~~~~~~~~~~~~~~~~~~~~~~~~~~~~~~~
20170212 09:10:58.891 - INFO - +--- START KW: SwingLibrary.Close Window [ Main ]
20170212 09:10:58.891 - DEBUG - Jemmy: Start to wait frame "Frame with name or title 'Main'" opened
20170212 09:10:58.891 - DEBUG - Jemmy: Frame "Frame with name or title 'Main'" has been opened in 0 milliseconds
    javax.swing.JFrame[frame22,0,0,500x500,layout=java.awt.BorderLayout,title=Main,resizable,normal,defaultCloseOperation=EXIT_ON_CLOSE,rootPane=javax.swing.JRootPane[,8,31,484x461,layout=javax.swing.JRootPane$RootLayout,alignmentX=0.0,alignmentY=0.0,border=,flags=16777673,maximumSize=,minimumSize=,preferredSize=],rootPaneCheckingEnabled=true]
20170212 09:10:59.063 - INFO - +--- END KW: SwingLibrary.Close Window (172)
------------------------------------------------------------------------------
20170212 09:10:59.063 - INFO - +-- END TEST: Widget Is Unchanged After Edge Click (250)
------------------------------------------------------------------------------
20170212 09:10:59.063 - INFO - +-- START TEST: Widget Toggles With Successive Center Clicks [ ]
------------------------------------------------------------------------------
20170212 09:10:59.063 - INFO - +--- START KW: SwingLibrary.Start Application [ edu.jsu.mcis.Main ]
20170212 09:10:59.079 - INFO - +--- END KW: SwingLibrary.Start Application (16)
~~~~~~~~~~~~~~~~~~~~~~~~~~~~~~~~~~~~~~~~~~~~~~~~~~~~~~~~~~~~~~~~~~~~~~~~~~~~~~
20170212 09:10:59.095 - INFO - +--- START KW: SwingLibrary.Select Window [ Main ]
20170212 09:10:59.095 - DEBUG - Jemmy: Start to wait frame "Frame with name or title 'Main'" opened
20170212 09:10:59.095 - DEBUG - Jemmy: Frame "Frame with name or title 'Main'" has been opened in 0 milliseconds
    javax.swing.JFrame[frame23,0,0,500x500,layout=java.awt.BorderLayout,title=Main,resizable,normal,defaultCloseOperation=EXIT_ON_CLOSE,rootPane=javax.swing.JRootPane[,8,31,484x461,layout=javax.swing.JRootPane$RootLayout,alignmentX=0.0,alignmentY=0.0,border=,flags=16777673,maximumSize=,minimumSize=,preferredSize=],rootPaneCheckingEnabled=true]
20170212 09:10:59.110 - INFO - +--- END KW: SwingLibrary.Select Window (31)
~~~~~~~~~~~~~~~~~~~~~~~~~~~~~~~~~~~~~~~~~~~~~~~~~~~~~~~~~~~~~~~~~~~~~~~~~~~~~~
20170212 09:10:59.110 - INFO - +--- START KW: keywords.CustomWidgetKeywords.Click Octagon [ ]
20170212 09:10:59.110 - DEBUG - Jemmy: Waiting for "Any CustomWidget" subcomponent
20170212 09:10:59.110 - DEBUG - Jemmy: Start to wait action "Wait for "Any CustomWidget" subcomponent to be displayed"
20170212 09:10:59.110 - DEBUG - Jemmy: "Wait for "Any CustomWidget" subcomponent to be displayed" action has been produced in 0 milliseconds with result 
    : edu.jsu.mcis.CustomWidget[,0,16,484x445,layout=java.awt.FlowLayout,alignmentX=0.0,alignmentY=0.0,border=javax.swing.border.LineBorder@4afe108a,flags=9,maximumSize=,minimumSize=,preferredSize=]
20170212 09:10:59.126 - INFO - +--- END KW: keywords.CustomWidgetKeywords.Click Octagon (16)
~~~~~~~~~~~~~~~~~~~~~~~~~~~~~~~~~~~~~~~~~~~~~~~~~~~~~~~~~~~~~~~~~~~~~~~~~~~~~~
20170212 09:10:59.126 - INFO - +--- START KW: SwingLibrary.Label Text Should Be [ label | Octagon ]
20170212 09:10:59.141 - DEBUG - Jemmy: Waiting for "label" subcomponent
20170212 09:10:59.141 - DEBUG - Jemmy: Start to wait action "Wait for "label" subcomponent to be displayed"
20170212 09:10:59.141 - DEBUG - Jemmy: "Wait for "label" subcomponent to be displayed" action has been produced in 0 milliseconds with result 
    : javax.swing.JLabel[label,0,0,484x16,alignmentX=0.0,alignmentY=0.0,border=,flags=8388608,maximumSize=,minimumSize=,preferredSize=,defaultIcon=,disabledIcon=,horizontalAlignment=CENTER,horizontalTextPosition=TRAILING,iconTextGap=4,labelFor=,text=Octagon,verticalAlignment=CENTER,verticalTextPosition=CENTER]
20170212 09:10:59.157 - INFO - +--- END KW: SwingLibrary.Label Text Should Be (31)
~~~~~~~~~~~~~~~~~~~~~~~~~~~~~~~~~~~~~~~~~~~~~~~~~~~~~~~~~~~~~~~~~~~~~~~~~~~~~~
20170212 09:10:59.157 - INFO - +--- START KW: keywords.CustomWidgetKeywords.Click Hexagon [ ]
20170212 09:10:59.157 - DEBUG - Jemmy: Waiting for "Any CustomWidget" subcomponent
20170212 09:10:59.157 - DEBUG - Jemmy: Start to wait action "Wait for "Any CustomWidget" subcomponent to be displayed"
20170212 09:10:59.157 - DEBUG - Jemmy: "Wait for "Any CustomWidget" subcomponent to be displayed" action has been produced in 0 milliseconds with result 
    : edu.jsu.mcis.CustomWidget[,0,16,484x445,layout=java.awt.FlowLayout,alignmentX=0.0,alignmentY=0.0,border=javax.swing.border.LineBorder@4afe108a,flags=9,maximumSize=,minimumSize=,preferredSize=]
20170212 09:10:59.173 - INFO - +--- END KW: keywords.CustomWidgetKeywords.Click Hexagon (16)
~~~~~~~~~~~~~~~~~~~~~~~~~~~~~~~~~~~~~~~~~~~~~~~~~~~~~~~~~~~~~~~~~~~~~~~~~~~~~~
20170212 09:10:59.173 - INFO - +--- START KW: SwingLibrary.Label Text Should Be [ label | Hexagon ]
20170212 09:10:59.173 - DEBUG - Jemmy: Waiting for "label" subcomponent
20170212 09:10:59.173 - DEBUG - Jemmy: Start to wait action "Wait for "label" subcomponent to be displayed"
20170212 09:10:59.173 - DEBUG - Jemmy: "Wait for "label" subcomponent to be displayed" action has been produced in 0 milliseconds with result 
    : javax.swing.JLabel[label,0,0,484x16,alignmentX=0.0,alignmentY=0.0,border=,flags=8388608,maximumSize=,minimumSize=,preferredSize=,defaultIcon=,disabledIcon=,horizontalAlignment=CENTER,horizontalTextPosition=TRAILING,iconTextGap=4,labelFor=,text=Hexagon,verticalAlignment=CENTER,verticalTextPosition=CENTER]
20170212 09:10:59.188 - INFO - +--- END KW: SwingLibrary.Label Text Should Be (0)
~~~~~~~~~~~~~~~~~~~~~~~~~~~~~~~~~~~~~~~~~~~~~~~~~~~~~~~~~~~~~~~~~~~~~~~~~~~~~~
20170212 09:10:59.188 - INFO - +--- START KW: SwingLibrary.Close Window [ Main ]
20170212 09:10:59.188 - DEBUG - Jemmy: Start to wait frame "Frame with name or title 'Main'" opened
20170212 09:10:59.188 - DEBUG - Jemmy: Frame "Frame with name or title 'Main'" has been opened in 0 milliseconds
    javax.swing.JFrame[frame23,0,0,500x500,invalid,layout=java.awt.BorderLayout,title=Main,resizable,normal,defaultCloseOperation=EXIT_ON_CLOSE,rootPane=javax.swing.JRootPane[,8,31,484x461,layout=javax.swing.JRootPane$RootLayout,alignmentX=0.0,alignmentY=0.0,border=,flags=16777673,maximumSize=,minimumSize=,preferredSize=],rootPaneCheckingEnabled=true]
20170212 09:10:59.376 - INFO - +--- END KW: SwingLibrary.Close Window (188)
------------------------------------------------------------------------------
20170212 09:10:59.391 - INFO - +-- END TEST: Widget Toggles With Successive Center Clicks (313)
------------------------------------------------------------------------------
20170212 09:10:59.438 - INFO - +- END SUITE: Acceptancetest.CustomWidgetTests (1859)
==============================================================================
20170212 09:10:59.470 - INFO - + END SUITE: Acceptancetest (2203)
==============================================================================
